LD_LIBRARY_PATH=.:/home/vagrant/.anyenv/envs/rbenv/versions/3.1.2/lib "gcc -o conftest -I/home/vagrant/.anyenv/envs/rbenv/versions/3.1.2/include/ruby-3.1.0/x86_64-linux -I/home/vagrant/.anyenv/envs/rbenv/versions/3.1.2/include/ruby-3.1.0/ruby/backward -I/home/vagrant/.anyenv/envs/rbenv/versions/3.1.2/include/ruby-3.1.0 -I. -I/home/vagrant/.anyenv/envs/rbenv/versions/3.1.2/include    -O3 -fno-fast-math -ggdb3 -Wall -Wextra -Wdeprecated-declarations -Wduplicated-cond -Wimplicit-function-declaration -Wimplicit-int -Wmisleading-indentation -Wpointer-arith -Wwrite-strings -Wimplicit-fallthrough=0 -Wmissing-noreturn -Wno-cast-function-type -Wno-constant-logical-operand -Wno-long-long -Wno-missing-field-initializers -Wno-overlength-strings -Wno-packed-bitfield-compat -Wno-parentheses-equality -Wno-self-assign -Wno-tautological-compare -Wno-unused-parameter -Wno-unused-value -Wsuggest-attribute=format -Wsuggest-attribute=noreturn -Wunused-variable -Wundef  -fPIC conftest.c  -L. -L/home/vagrant/.anyenv/envs/rbenv/versions/3.1.2/lib -Wl,-rpath,/home/vagrant/.anyenv/envs/rbenv/versions/3.1.2/lib -L. -L/home/vagrant/.anyenv/envs/rbenv/versions/3.1.2/lib  -fstack-protector-strong -rdynamic -Wl,-export-dynamic -Wl,--no-as-needed     -Wl,-rpath,/home/vagrant/.anyenv/envs/rbenv/versions/3.1.2/lib -L/home/vagrant/.anyenv/envs/rbenv/versions/3.1.2/lib -lruby  -lm  -lc"
checked program was:
/* begin */
1: #include "ruby.h"
2: 
3: int main(int argc, char **argv)
4: {
5:   return !!argv[argc];
6: }
/* end */

LD_LIBRARY_PATH=.:/home/vagrant/.anyenv/envs/rbenv/versions/3.1.2/lib "gcc -I/home/vagrant/.anyenv/envs/rbenv/versions/3.1.2/include/ruby-3.1.0/x86_64-linux -I/home/vagrant/.anyenv/envs/rbenv/versions/3.1.2/include/ruby-3.1.0/ruby/backward -I/home/vagrant/.anyenv/envs/rbenv/versions/3.1.2/include/ruby-3.1.0 -I. -I/home/vagrant/.anyenv/envs/rbenv/versions/3.1.2/include    -O3 -fno-fast-math -ggdb3 -Wall -Wextra -Wdeprecated-declarations -Wduplicated-cond -Wimplicit-function-declaration -Wimplicit-int -Wmisleading-indentation -Wpointer-arith -Wwrite-strings -Wimplicit-fallthrough=0 -Wmissing-noreturn -Wno-cast-function-type -Wno-constant-logical-operand -Wno-long-long -Wno-missing-field-initializers -Wno-overlength-strings -Wno-packed-bitfield-compat -Wno-parentheses-equality -Wno-self-assign -Wno-tautological-compare -Wno-unused-parameter -Wno-unused-value -Wsuggest-attribute=format -Wsuggest-attribute=noreturn -Wunused-variable -Wundef  -fPIC   -c conftest.c"
conftest.c:5:3: error: #error 
    5 | # error
      |   ^~~~~
conftest.c:6:1: error: expected identifier or ‘(’ before ‘|’ token
    6 | |:/ === _WIN32 undefined === /:|
      | ^
cc1: warning: unrecognized command line option ‘-Wno-self-assign’
cc1: warning: unrecognized command line option ‘-Wno-parentheses-equality’
cc1: warning: unrecognized command line option ‘-Wno-constant-logical-operand’
checked program was:
/* begin */
1: #include "ruby.h"
2: 
3: /*top*/
4: #ifndef _WIN32
5: # error
6: |:/ === _WIN32 undefined === /:|
7: #endif
/* end */

have_header: checking for termios.h... -------------------- yes

LD_LIBRARY_PATH=.:/home/vagrant/.anyenv/envs/rbenv/versions/3.1.2/lib "gcc -I/home/vagrant/.anyenv/envs/rbenv/versions/3.1.2/include/ruby-3.1.0/x86_64-linux -I/home/vagrant/.anyenv/envs/rbenv/versions/3.1.2/include/ruby-3.1.0/ruby/backward -I/home/vagrant/.anyenv/envs/rbenv/versions/3.1.2/include/ruby-3.1.0 -I. -I/home/vagrant/.anyenv/envs/rbenv/versions/3.1.2/include    -O3 -fno-fast-math -ggdb3 -Wall -Wextra -Wdeprecated-declarations -Wduplicated-cond -Wimplicit-function-declaration -Wimplicit-int -Wmisleading-indentation -Wpointer-arith -Wwrite-strings -Wimplicit-fallthrough=0 -Wmissing-noreturn -Wno-cast-function-type -Wno-constant-logical-operand -Wno-long-long -Wno-missing-field-initializers -Wno-overlength-strings -Wno-packed-bitfield-compat -Wno-parentheses-equality -Wno-self-assign -Wno-tautological-compare -Wno-unused-parameter -Wno-unused-value -Wsuggest-attribute=format -Wsuggest-attribute=noreturn -Wunused-variable -Wundef  -fPIC   -c conftest.c"
checked program was:
/* begin */
1: #include "ruby.h"
2: 
3: #include <termios.h>
/* end */

--------------------

have_func: checking for cfmakeraw() in termios.h... -------------------- yes

LD_LIBRARY_PATH=.:/home/vagrant/.anyenv/envs/rbenv/versions/3.1.2/lib "gcc -o conftest -I/home/vagrant/.anyenv/envs/rbenv/versions/3.1.2/include/ruby-3.1.0/x86_64-linux -I/home/vagrant/.anyenv/envs/rbenv/versions/3.1.2/include/ruby-3.1.0/ruby/backward -I/home/vagrant/.anyenv/envs/rbenv/versions/3.1.2/include/ruby-3.1.0 -I. -I/home/vagrant/.anyenv/envs/rbenv/versions/3.1.2/include    -O3 -fno-fast-math -ggdb3 -Wall -Wextra -Wdeprecated-declarations -Wduplicated-cond -Wimplicit-function-declaration -Wimplicit-int -Wmisleading-indentation -Wpointer-arith -Wwrite-strings -Wimplicit-fallthrough=0 -Wmissing-noreturn -Wno-cast-function-type -Wno-constant-logical-operand -Wno-long-long -Wno-missing-field-initializers -Wno-overlength-strings -Wno-packed-bitfield-compat -Wno-parentheses-equality -Wno-self-assign -Wno-tautological-compare -Wno-unused-parameter -Wno-unused-value -Wsuggest-attribute=format -Wsuggest-attribute=noreturn -Wunused-variable -Wundef  -fPIC conftest.c  -L. -L/home/vagrant/.anyenv/envs/rbenv/versions/3.1.2/lib -Wl,-rpath,/home/vagrant/.anyenv/envs/rbenv/versions/3.1.2/lib -L. -L/home/vagrant/.anyenv/envs/rbenv/versions/3.1.2/lib  -fstack-protector-strong -rdynamic -Wl,-export-dynamic -Wl,--no-as-needed     -Wl,-rpath,/home/vagrant/.anyenv/envs/rbenv/versions/3.1.2/lib -L/home/vagrant/.anyenv/envs/rbenv/versions/3.1.2/lib -lruby  -lm  -lc"
checked program was:
/* begin */
 1: #include "ruby.h"
 2: 
 3: #include <termios.h>
 4: 
 5: /*top*/
 6: extern int t(void);
 7: int main(int argc, char **argv)
 8: {
 9:   if (argc > 1000000) {
10:     int (* volatile tp)(void)=(int (*)(void))&t;
11:     printf("%d", (*tp)());
12:   }
13: 
14:   return !!argv[argc];
15: }
16: int t(void) { void ((*volatile p)()); p = (void ((*)()))cfmakeraw; return !p; }
/* end */

--------------------

have_header: checking for sys/ioctl.h... -------------------- yes

LD_LIBRARY_PATH=.:/home/vagrant/.anyenv/envs/rbenv/versions/3.1.2/lib "gcc -I/home/vagrant/.anyenv/envs/rbenv/versions/3.1.2/include/ruby-3.1.0/x86_64-linux -I/home/vagrant/.anyenv/envs/rbenv/versions/3.1.2/include/ruby-3.1.0/ruby/backward -I/home/vagrant/.anyenv/envs/rbenv/versions/3.1.2/include/ruby-3.1.0 -I. -I/home/vagrant/.anyenv/envs/rbenv/versions/3.1.2/include    -O3 -fno-fast-math -ggdb3 -Wall -Wextra -Wdeprecated-declarations -Wduplicated-cond -Wimplicit-function-declaration -Wimplicit-int -Wmisleading-indentation -Wpointer-arith -Wwrite-strings -Wimplicit-fallthrough=0 -Wmissing-noreturn -Wno-cast-function-type -Wno-constant-logical-operand -Wno-long-long -Wno-missing-field-initializers -Wno-overlength-strings -Wno-packed-bitfield-compat -Wno-parentheses-equality -Wno-self-assign -Wno-tautological-compare -Wno-unused-parameter -Wno-unused-value -Wsuggest-attribute=format -Wsuggest-attribute=noreturn -Wunused-variable -Wundef  -fPIC   -c conftest.c"
checked program was:
/* begin */
1: #include "ruby.h"
2: 
3: #include <sys/ioctl.h>
/* end */

--------------------

have_macro: checking for HAVE_RUBY_FIBER_SCHEDULER_H... -------------------- yes

LD_LIBRARY_PATH=.:/home/vagrant/.anyenv/envs/rbenv/versions/3.1.2/lib "gcc -I/home/vagrant/.anyenv/envs/rbenv/versions/3.1.2/include/ruby-3.1.0/x86_64-linux -I/home/vagrant/.anyenv/envs/rbenv/versions/3.1.2/include/ruby-3.1.0/ruby/backward -I/home/vagrant/.anyenv/envs/rbenv/versions/3.1.2/include/ruby-3.1.0 -I. -I/home/vagrant/.anyenv/envs/rbenv/versions/3.1.2/include    -O3 -fno-fast-math -ggdb3 -Wall -Wextra -Wdeprecated-declarations -Wduplicated-cond -Wimplicit-function-declaration -Wimplicit-int -Wmisleading-indentation -Wpointer-arith -Wwrite-strings -Wimplicit-fallthrough=0 -Wmissing-noreturn -Wno-cast-function-type -Wno-constant-logical-operand -Wno-long-long -Wno-missing-field-initializers -Wno-overlength-strings -Wno-packed-bitfield-compat -Wno-parentheses-equality -Wno-self-assign -Wno-tautological-compare -Wno-unused-parameter -Wno-unused-value -Wsuggest-attribute=format -Wsuggest-attribute=noreturn -Wunused-variable -Wundef  -fPIC   -c conftest.c"
checked program was:
/* begin */
1: #include "ruby.h"
2: 
3: /*top*/
4: #ifndef HAVE_RUBY_FIBER_SCHEDULER_H
5: # error
6: |:/ === HAVE_RUBY_FIBER_SCHEDULER_H undefined === /:|
7: #endif
/* end */

--------------------

