This file contains any messages produced by compilers while
running configure, to aid debugging if configure makes a mistake.

It was created by sqlite configure 3.42.0, which was
generated by GNU Autoconf 2.71.  Invocation command line was

  $ ./configure --host=x86_64-linux-gnu --enable-static --disable-shared --enable-shared=no --enable-static=yes CC=gcc 'CFLAGS=-fPIC -O2 -fvisibility=hidden' --prefix=/home/vagrant/everydayrails-rspec-jp-2022/vendor/bundle/ruby/3.1.0/gems/sqlite3-1.6.3/ports/x86_64-linux-gnu/sqlite3/3.42.0

## --------- ##
## Platform. ##
## --------- ##

hostname = vagrant
uname -m = x86_64
uname -r = 5.4.0-125-generic
uname -s = Linux
uname -v = #141-Ubuntu SMP Wed Aug 10 13:42:03 UTC 2022

/usr/bin/uname -p = x86_64
/bin/uname -X     = unknown

/bin/arch              = x86_64
/usr/bin/arch -k       = unknown
/usr/convex/getsysinfo = unknown
/usr/bin/hostinfo      = unknown
/bin/machine           = unknown
/usr/bin/oslevel       = unknown
/bin/universe          = unknown

PATH: /home/vagrant/.anyenv/envs/rbenv/versions/3.1.2/bin/
PATH: /home/vagrant/.anyenv/envs/rbenv/libexec/
PATH: /home/vagrant/.anyenv/envs/rbenv/plugins/ruby-build/bin/
PATH: /home/vagrant/.anyenv/envs/rbenv/shims/
PATH: /home/vagrant/.anyenv/envs/rbenv/bin/
PATH: /home/vagrant/.anyenv/envs/nodenv/shims/
PATH: /home/vagrant/.anyenv/envs/nodenv/bin/
PATH: /home/vagrant/.anyenv/bin/
PATH: /usr/local/sbin/
PATH: /usr/local/bin/
PATH: /usr/sbin/
PATH: /usr/bin/
PATH: /sbin/
PATH: /bin/
PATH: /usr/games/
PATH: /usr/local/games/
PATH: /snap/bin/
PATH: /home/vagrant/.anyenv/envs/nodenv/versions/16.13.1/bin/
PATH: /usr/local/bin/
PATH: /path/to/mkid/


## ----------- ##
## Core tests. ##
## ----------- ##

configure:2434: looking for aux files: config.guess config.sub ltmain.sh compile missing install-sh
configure:2447:  trying ././
configure:2476:   ././config.guess found
configure:2476:   ././config.sub found
configure:2476:   ././ltmain.sh found
configure:2476:   ././compile found
configure:2476:   ././missing found
configure:2458:   ././install-sh found
configure:2609: checking for a BSD-compatible install
configure:2682: result: /usr/bin/install -c
configure:2693: checking whether build environment is sane
configure:2748: result: yes
configure:2802: checking for x86_64-linux-gnu-strip
configure:2823: found /usr/bin/x86_64-linux-gnu-strip
configure:2834: result: x86_64-linux-gnu-strip
configure:2905: checking for a race-free mkdir -p
configure:2949: result: /usr/bin/mkdir -p
configure:2956: checking for gawk
configure:2977: found /usr/bin/gawk
configure:2988: result: gawk
configure:2999: checking whether make sets $(MAKE)
configure:3022: result: yes
configure:3052: checking whether make supports nested variables
configure:3070: result: yes
configure:3220: checking whether make supports the include directive
configure:3235: make -f confmf.GNU && cat confinc.out
this is the am__doit target
configure:3238: $? = 0
configure:3257: result: yes (GNU style)
configure:3288: checking for x86_64-linux-gnu-gcc
configure:3320: result: gcc
configure:3718: checking for C compiler version
configure:3727: gcc --version >&5
gcc (Ubuntu 9.4.0-1ubuntu1~20.04.1) 9.4.0
Copyright (C) 2019 Free Software Foundation, Inc.
This is free software; see the source for copying conditions.  There is NO
warranty; not even for MERCHANTABILITY or FITNESS FOR A PARTICULAR PURPOSE.

configure:3738: $? = 0
configure:3727: gcc -v >&5
Using built-in specs.
COLLECT_GCC=gcc
COLLECT_LTO_WRAPPER=/usr/lib/gcc/x86_64-linux-gnu/9/lto-wrapper
OFFLOAD_TARGET_NAMES=nvptx-none:hsa
OFFLOAD_TARGET_DEFAULT=1
Target: x86_64-linux-gnu
Configured with: ../src/configure -v --with-pkgversion='Ubuntu 9.4.0-1ubuntu1~20.04.1' --with-bugurl=file:///usr/share/doc/gcc-9/README.Bugs --enable-languages=c,ada,c++,go,brig,d,fortran,objc,obj-c++,gm2 --prefix=/usr --with-gcc-major-version-only --program-suffix=-9 --program-prefix=x86_64-linux-gnu- --enable-shared --enable-linker-build-id --libexecdir=/usr/lib --without-included-gettext --enable-threads=posix --libdir=/usr/lib --enable-nls --enable-clocale=gnu --enable-libstdcxx-debug --enable-libstdcxx-time=yes --with-default-libstdcxx-abi=new --enable-gnu-unique-object --disable-vtable-verify --enable-plugin --enable-default-pie --with-system-zlib --with-target-system-zlib=auto --enable-objc-gc=auto --enable-multiarch --disable-werror --with-arch-32=i686 --with-abi=m64 --with-multilib-list=m32,m64,mx32 --enable-multilib --with-tune=generic --enable-offload-targets=nvptx-none=/build/gcc-9-Av3uEd/gcc-9-9.4.0/debian/tmp-nvptx/usr,hsa --without-cuda-driver --enable-checking=release --build=x86_64-linux-gnu --host=x86_64-linux-gnu --target=x86_64-linux-gnu
Thread model: posix
gcc version 9.4.0 (Ubuntu 9.4.0-1ubuntu1~20.04.1) 
configure:3738: $? = 0
configure:3727: gcc -V >&5
gcc: error: unrecognized command line option '-V'
gcc: fatal error: no input files
compilation terminated.
configure:3738: $? = 1
configure:3727: gcc -qversion >&5
gcc: error: unrecognized command line option '-qversion'; did you mean '--version'?
gcc: fatal error: no input files
compilation terminated.
configure:3738: $? = 1
configure:3727: gcc -version >&5
gcc: error: unrecognized command line option '-version'
gcc: fatal error: no input files
compilation terminated.
configure:3738: $? = 1
configure:3758: checking whether the C compiler works
configure:3780: gcc -fPIC -O2 -fvisibility=hidden   conftest.c  >&5
configure:3784: $? = 0
configure:3834: result: yes
configure:3837: checking for C compiler default output file name
configure:3839: result: a.out
configure:3845: checking for suffix of executables
configure:3852: gcc -o conftest -fPIC -O2 -fvisibility=hidden   conftest.c  >&5
configure:3856: $? = 0
configure:3879: result: 
configure:3901: checking whether we are cross compiling
configure:3909: gcc -o conftest -fPIC -O2 -fvisibility=hidden   conftest.c  >&5
configure:3913: $? = 0
configure:3920: ./conftest
configure:3924: $? = 0
configure:3912: result: no
configure:3917: checking for suffix of object files
configure:3940: gcc -c -fPIC -O2 -fvisibility=hidden  conftest.c >&5
configure:3944: $? = 0
configure:3966: result: o
configure:3970: checking whether the compiler supports GNU C
configure:3990: gcc -c -fPIC -O2 -fvisibility=hidden  conftest.c >&5
configure:3990: $? = 0
configure:4000: result: yes
configure:4011: checking whether gcc accepts -g
configure:4032: gcc -c -g  conftest.c >&5
configure:4032: $? = 0
configure:4076: result: yes
configure:4096: checking for gcc option to enable C11 features
configure:4111: gcc  -c -fPIC -O2 -fvisibility=hidden  conftest.c >&5
configure:4111: $? = 0
configure:4129: result: none needed
configure:4245: checking whether gcc understands -c and -o together
configure:4268: gcc -c conftest.c -o conftest2.o
configure:4271: $? = 0
configure:4268: gcc -c conftest.c -o conftest2.o
configure:4271: $? = 0
configure:4283: result: yes
configure:4302: checking dependency style of gcc
configure:4414: result: gcc3
configure:4438: checking for special C compiler options needed for large files
configure:4486: result: no
configure:4492: checking for _FILE_OFFSET_BITS value needed for large files
configure:4518: gcc -c -fPIC -O2 -fvisibility=hidden  conftest.c >&5
configure:4518: $? = 0
configure:4552: result: no
configure:4644: checking for x86_64-linux-gnu-gcc
configure:4676: result: gcc
configure:5074: checking for C compiler version
configure:5083: gcc --version >&5
gcc (Ubuntu 9.4.0-1ubuntu1~20.04.1) 9.4.0
Copyright (C) 2019 Free Software Foundation, Inc.
This is free software; see the source for copying conditions.  There is NO
warranty; not even for MERCHANTABILITY or FITNESS FOR A PARTICULAR PURPOSE.

configure:5094: $? = 0
configure:5083: gcc -v >&5
Using built-in specs.
COLLECT_GCC=gcc
COLLECT_LTO_WRAPPER=/usr/lib/gcc/x86_64-linux-gnu/9/lto-wrapper
OFFLOAD_TARGET_NAMES=nvptx-none:hsa
OFFLOAD_TARGET_DEFAULT=1
Target: x86_64-linux-gnu
Configured with: ../src/configure -v --with-pkgversion='Ubuntu 9.4.0-1ubuntu1~20.04.1' --with-bugurl=file:///usr/share/doc/gcc-9/README.Bugs --enable-languages=c,ada,c++,go,brig,d,fortran,objc,obj-c++,gm2 --prefix=/usr --with-gcc-major-version-only --program-suffix=-9 --program-prefix=x86_64-linux-gnu- --enable-shared --enable-linker-build-id --libexecdir=/usr/lib --without-included-gettext --enable-threads=posix --libdir=/usr/lib --enable-nls --enable-clocale=gnu --enable-libstdcxx-debug --enable-libstdcxx-time=yes --with-default-libstdcxx-abi=new --enable-gnu-unique-object --disable-vtable-verify --enable-plugin --enable-default-pie --with-system-zlib --with-target-system-zlib=auto --enable-objc-gc=auto --enable-multiarch --disable-werror --with-arch-32=i686 --with-abi=m64 --with-multilib-list=m32,m64,mx32 --enable-multilib --with-tune=generic --enable-offload-targets=nvptx-none=/build/gcc-9-Av3uEd/gcc-9-9.4.0/debian/tmp-nvptx/usr,hsa --without-cuda-driver --enable-checking=release --build=x86_64-linux-gnu --host=x86_64-linux-gnu --target=x86_64-linux-gnu
Thread model: posix
gcc version 9.4.0 (Ubuntu 9.4.0-1ubuntu1~20.04.1) 
configure:5094: $? = 0
configure:5083: gcc -V >&5
gcc: error: unrecognized command line option '-V'
gcc: fatal error: no input files
compilation terminated.
configure:5094: $? = 1
configure:5083: gcc -qversion >&5
gcc: error: unrecognized command line option '-qversion'; did you mean '--version'?
gcc: fatal error: no input files
compilation terminated.
configure:5094: $? = 1
configure:5083: gcc -version >&5
gcc: error: unrecognized command line option '-version'
gcc: fatal error: no input files
compilation terminated.
configure:5094: $? = 1
configure:5098: checking whether the compiler supports GNU C
configure:5128: result: yes
configure:5139: checking whether gcc accepts -g
configure:5204: result: yes
configure:5224: checking for gcc option to enable C11 features
configure:5257: result: none needed
configure:5373: checking whether gcc understands -c and -o together
configure:5411: result: yes
configure:5430: checking dependency style of gcc
configure:5542: result: gcc3
configure:5589: checking build system type
configure:5604: result: x86_64-pc-linux-gnu
configure:5624: checking host system type
configure:5638: result: x86_64-pc-linux-gnu
configure:5679: checking how to print strings
configure:5706: result: printf
configure:5727: checking for a sed that does not truncate output
configure:5797: result: /usr/bin/sed
configure:5815: checking for grep that handles long lines and -e
configure:5879: result: /usr/bin/grep
configure:5884: checking for egrep
configure:5952: result: /usr/bin/grep -E
configure:5957: checking for fgrep
configure:6025: result: /usr/bin/grep -F
configure:6061: checking for ld used by gcc
configure:6129: result: /usr/bin/ld
configure:6136: checking if the linker (/usr/bin/ld) is GNU ld
configure:6152: result: yes
configure:6164: checking for BSD- or MS-compatible name lister (nm)
configure:6219: result: /usr/bin/x86_64-linux-gnu-nm -B
configure:6359: checking the name lister (/usr/bin/x86_64-linux-gnu-nm -B) interface
configure:6367: gcc -c -fPIC -O2 -fvisibility=hidden  conftest.c >&5
configure:6370: /usr/bin/x86_64-linux-gnu-nm -B "conftest.o"
configure:6373: output
0000000000000000 B some_variable
configure:6374: result: BSD nm
configure:6377: checking whether ln -s works
configure:6381: result: yes
configure:6389: checking the maximum length of command line arguments
configure:6521: result: 1572864
configure:6569: checking how to convert x86_64-pc-linux-gnu file names to x86_64-pc-linux-gnu format
configure:6610: result: func_convert_file_noop
configure:6617: checking how to convert x86_64-pc-linux-gnu file names to toolchain format
configure:6638: result: func_convert_file_noop
configure:6645: checking for /usr/bin/ld option to reload object files
configure:6653: result: -r
configure:6687: checking for x86_64-linux-gnu-objdump
configure:6708: found /usr/bin/x86_64-linux-gnu-objdump
configure:6719: result: x86_64-linux-gnu-objdump
configure:6796: checking how to recognize dependent libraries
configure:6997: result: pass_all
configure:7042: checking for x86_64-linux-gnu-dlltool
configure:7077: result: no
configure:7087: checking for dlltool
configure:7122: result: no
configure:7152: checking how to associate runtime and link libraries
configure:7180: result: printf %s\n
configure:7196: checking for x86_64-linux-gnu-ar
configure:7217: found /usr/bin/x86_64-linux-gnu-ar
configure:7228: result: x86_64-linux-gnu-ar
configure:7314: checking for archiver @FILE support
configure:7332: gcc -c -fPIC -O2 -fvisibility=hidden  conftest.c >&5
configure:7332: $? = 0
configure:7336: x86_64-linux-gnu-ar cr libconftest.a @conftest.lst >&5
configure:7339: $? = 0
configure:7344: x86_64-linux-gnu-ar cr libconftest.a @conftest.lst >&5
x86_64-linux-gnu-ar: conftest.o: No such file or directory
configure:7347: $? = 1
configure:7346: result: @
configure:7364: checking for x86_64-linux-gnu-strip
configure:7396: result: x86_64-linux-gnu-strip
configure:7473: checking for x86_64-linux-gnu-ranlib
configure:7494: found /usr/bin/x86_64-linux-gnu-ranlib
configure:7505: result: x86_64-linux-gnu-ranlib
configure:7652: checking command to parse /usr/bin/x86_64-linux-gnu-nm -B output from gcc object
configure:7806: gcc -c -fPIC -O2 -fvisibility=hidden  conftest.c >&5
configure:7809: $? = 0
configure:7813: /usr/bin/x86_64-linux-gnu-nm -B conftest.o | sed -n -e 's/^.*[	 ]\([ABCDGIRSTW][ABCDGIRSTW]*\)[	 ][	 ]*\([_A-Za-z][_A-Za-z0-9]*\)$/\1 \2 \2/p' | sed '/ __gnu_lto/d' > conftest.nm
configure:7879: gcc -o conftest -fPIC -O2 -fvisibility=hidden   conftest.c conftstm.o >&5
configure:7882: $? = 0
configure:7920: result: ok
configure:7967: checking for sysroot
configure:7998: result: no
configure:8005: checking for a working dd
configure:8049: result: /usr/bin/dd
configure:8053: checking how to truncate binary pipes
configure:8069: result: /usr/bin/dd bs=4096 count=1
configure:8206: gcc -c -fPIC -O2 -fvisibility=hidden  conftest.c >&5
configure:8209: $? = 0
configure:8361: checking for x86_64-linux-gnu-mt
configure:8396: result: no
configure:8406: checking for mt
configure:8427: found /usr/bin/mt
configure:8438: result: mt
configure:8461: checking if mt is a manifest tool
configure:8468: mt '-?'
configure:8476: result: no
configure:9206: checking for stdio.h
configure:9206: gcc -c -fPIC -O2 -fvisibility=hidden  conftest.c >&5
configure:9206: $? = 0
configure:9206: result: yes
configure:9206: checking for stdlib.h
configure:9206: gcc -c -fPIC -O2 -fvisibility=hidden  conftest.c >&5
configure:9206: $? = 0
configure:9206: result: yes
configure:9206: checking for string.h
configure:9206: gcc -c -fPIC -O2 -fvisibility=hidden  conftest.c >&5
configure:9206: $? = 0
configure:9206: result: yes
configure:9206: checking for inttypes.h
configure:9206: gcc -c -fPIC -O2 -fvisibility=hidden  conftest.c >&5
configure:9206: $? = 0
configure:9206: result: yes
configure:9206: checking for stdint.h
configure:9206: gcc -c -fPIC -O2 -fvisibility=hidden  conftest.c >&5
configure:9206: $? = 0
configure:9206: result: yes
configure:9206: checking for strings.h
configure:9206: gcc -c -fPIC -O2 -fvisibility=hidden  conftest.c >&5
configure:9206: $? = 0
configure:9206: result: yes
configure:9206: checking for sys/stat.h
configure:9206: gcc -c -fPIC -O2 -fvisibility=hidden  conftest.c >&5
configure:9206: $? = 0
configure:9206: result: yes
configure:9206: checking for sys/types.h
configure:9206: gcc -c -fPIC -O2 -fvisibility=hidden  conftest.c >&5
configure:9206: $? = 0
configure:9206: result: yes
configure:9206: checking for unistd.h
configure:9206: gcc -c -fPIC -O2 -fvisibility=hidden  conftest.c >&5
configure:9206: $? = 0
configure:9206: result: yes
configure:9231: checking for dlfcn.h
configure:9231: gcc -c -fPIC -O2 -fvisibility=hidden  conftest.c >&5
configure:9231: $? = 0
configure:9231: result: yes
configure:9490: checking for objdir
configure:9506: result: .libs
configure:9766: checking if gcc supports -fno-rtti -fno-exceptions
configure:9785: gcc -c -fPIC -O2 -fvisibility=hidden  -fno-rtti -fno-exceptions conftest.c >&5
cc1: warning: command line option '-fno-rtti' is valid for C++/D/ObjC++ but not for C
configure:9789: $? = 0
configure:9802: result: no
configure:10166: checking for gcc option to produce PIC
configure:10174: result: -fPIC -DPIC
configure:10182: checking if gcc PIC flag -fPIC -DPIC works
configure:10201: gcc -c -fPIC -O2 -fvisibility=hidden  -fPIC -DPIC -DPIC conftest.c >&5
configure:10205: $? = 0
configure:10218: result: yes
configure:10247: checking if gcc static flag -static works
configure:10276: result: yes
configure:10291: checking if gcc supports -c -o file.o
configure:10313: gcc -c -fPIC -O2 -fvisibility=hidden  -o out/conftest2.o conftest.c >&5
configure:10317: $? = 0
configure:10339: result: yes
configure:10347: checking if gcc supports -c -o file.o
configure:10395: result: yes
configure:10428: checking whether the gcc linker (/usr/bin/ld -m elf_x86_64) supports shared libraries
configure:11698: result: yes
configure:11939: checking dynamic linker characteristics
configure:12521: gcc -o conftest -fPIC -O2 -fvisibility=hidden   -Wl,-rpath -Wl,/foo conftest.c  >&5
configure:12521: $? = 0
configure:12772: result: GNU/Linux ld.so
configure:12894: checking how to hardcode library paths into programs
configure:12919: result: immediate
configure:13471: checking whether stripping libraries is possible
configure:13476: result: yes
configure:13511: checking if libtool supports shared libraries
configure:13513: result: yes
configure:13516: checking whether to build shared libraries
configure:13541: result: no
configure:13544: checking whether to build static libraries
configure:13548: result: yes
configure:10348: checking for fdatasync
configure:10348: gcc -o conftest -fPIC -O2 -fvisibility=hidden   conftest.c  >&5
configure:10348: $? = 0
configure:10348: result: yes
configure:10354: checking for usleep
configure:10354: gcc -o conftest -fPIC -O2 -fvisibility=hidden   conftest.c  >&5
configure:10354: $? = 0
configure:10354: result: yes
configure:10360: checking for fullfsync
configure:10360: gcc -o conftest -fPIC -O2 -fvisibility=hidden   conftest.c  >&5
/usr/bin/ld: /tmp/ccv7VqBT.o: in function `main':
conftest.c:(.text.startup+0xb): undefined reference to `fullfsync'
collect2: error: ld returned 1 exit status
configure:10360: $? = 1
configure: failed program was:
| /* confdefs.h */
| #define PACKAGE_NAME "sqlite"
| #define PACKAGE_TARNAME "sqlite"
| #define PACKAGE_VERSION "3.42.0"
| #define PACKAGE_STRING "sqlite 3.42.0"
| #define PACKAGE_BUGREPORT "http://www.sqlite.org"
| #define PACKAGE_URL ""
| #define PACKAGE "sqlite"
| #define VERSION "3.42.0"
| #define HAVE_STDIO_H 1
| #define HAVE_STDLIB_H 1
| #define HAVE_STRING_H 1
| #define HAVE_INTTYPES_H 1
| #define HAVE_STDINT_H 1
| #define HAVE_STRINGS_H 1
| #define HAVE_SYS_STAT_H 1
| #define HAVE_SYS_TYPES_H 1
| #define HAVE_UNISTD_H 1
| #define STDC_HEADERS 1
| #define HAVE_DLFCN_H 1
| #define LT_OBJDIR ".libs/"
| #define HAVE_FDATASYNC 1
| #define HAVE_USLEEP 1
| /* end confdefs.h.  */
| /* Define fullfsync to an innocuous variant, in case <limits.h> declares fullfsync.
|    For example, HP-UX 11i <limits.h> declares gettimeofday.  */
| #define fullfsync innocuous_fullfsync
| 
| /* System header to define __stub macros and hopefully few prototypes,
|    which can conflict with char fullfsync (); below.  */
| 
| #include <limits.h>
| #undef fullfsync
| 
| /* Override any GCC internal prototype to avoid an error.
|    Use char because int might match the return type of a GCC
|    builtin and then its argument prototype would still apply.  */
| #ifdef __cplusplus
| extern "C"
| #endif
| char fullfsync ();
| /* The GNU C library defines this for functions which it implements
|     to always fail with ENOSYS.  Some functions are actually named
|     something starting with __ and the normal name is an alias.  */
| #if defined __stub_fullfsync || defined __stub___fullfsync
| choke me
| #endif
| 
| int
| main (void)
| {
| return fullfsync ();
|   ;
|   return 0;
| }
configure:10360: result: no
configure:10366: checking for localtime_r
configure:10366: gcc -o conftest -fPIC -O2 -fvisibility=hidden   conftest.c  >&5
configure:10366: $? = 0
configure:10366: result: yes
configure:10372: checking for gmtime_r
configure:10372: gcc -o conftest -fPIC -O2 -fvisibility=hidden   conftest.c  >&5
configure:10372: $? = 0
configure:10372: result: yes
configure:10379: checking for gcc options needed to detect all undeclared functions
configure:10401: gcc -c -fPIC -O2 -fvisibility=hidden   conftest.c >&5
conftest.c: In function 'main':
conftest.c:31:8: error: 'strchr' undeclared (first use in this function)
   31 | (void) strchr;
      |        ^~~~~~
conftest.c:1:1: note: 'strchr' is defined in header '<string.h>'; did you forget to '#include <string.h>'?
    1 | /* confdefs.h */
conftest.c:31:8: note: each undeclared identifier is reported only once for each function it appears in
   31 | (void) strchr;
      |        ^~~~~~
configure:10401: $? = 1
configure: failed program was:
| /* confdefs.h */
| #define PACKAGE_NAME "sqlite"
| #define PACKAGE_TARNAME "sqlite"
| #define PACKAGE_VERSION "3.42.0"
| #define PACKAGE_STRING "sqlite 3.42.0"
| #define PACKAGE_BUGREPORT "http://www.sqlite.org"
| #define PACKAGE_URL ""
| #define PACKAGE "sqlite"
| #define VERSION "3.42.0"
| #define HAVE_STDIO_H 1
| #define HAVE_STDLIB_H 1
| #define HAVE_STRING_H 1
| #define HAVE_INTTYPES_H 1
| #define HAVE_STDINT_H 1
| #define HAVE_STRINGS_H 1
| #define HAVE_SYS_STAT_H 1
| #define HAVE_SYS_TYPES_H 1
| #define HAVE_UNISTD_H 1
| #define STDC_HEADERS 1
| #define HAVE_DLFCN_H 1
| #define LT_OBJDIR ".libs/"
| #define HAVE_FDATASYNC 1
| #define HAVE_USLEEP 1
| #define HAVE_LOCALTIME_R 1
| #define HAVE_GMTIME_R 1
| /* end confdefs.h.  */
| 
| int
| main (void)
| {
| (void) strchr;
|   ;
|   return 0;
| }
configure:10428: gcc -c -fPIC -O2 -fvisibility=hidden   conftest.c >&5
configure:10428: $? = 0
configure:10445: result: none needed
configure:10459: checking whether strerror_r is declared
configure:10459: gcc -c -fPIC -O2 -fvisibility=hidden   conftest.c >&5
configure:10459: $? = 0
configure:10459: result: yes
configure:10478: checking whether strerror_r returns char *
configure:10503: gcc -c -fPIC -O2 -fvisibility=hidden  conftest.c >&5
conftest.c: In function 'main':
conftest.c:35:13: error: invalid type argument of unary '*' (have 'int')
   35 |    char x = *strerror_r (0, buf, sizeof buf);
      |             ^~~~~~~~~~~~~~~~~~~~~~~~~~~~~~~~
conftest.c:36:14: warning: initialization of 'char *' from 'int' makes pointer from integer without a cast [-Wint-conversion]
   36 |    char *p = strerror_r (0, buf, sizeof buf);
      |              ^~~~~~~~~~
configure:10503: $? = 1
configure: failed program was:
| /* confdefs.h */
| #define PACKAGE_NAME "sqlite"
| #define PACKAGE_TARNAME "sqlite"
| #define PACKAGE_VERSION "3.42.0"
| #define PACKAGE_STRING "sqlite 3.42.0"
| #define PACKAGE_BUGREPORT "http://www.sqlite.org"
| #define PACKAGE_URL ""
| #define PACKAGE "sqlite"
| #define VERSION "3.42.0"
| #define HAVE_STDIO_H 1
| #define HAVE_STDLIB_H 1
| #define HAVE_STRING_H 1
| #define HAVE_INTTYPES_H 1
| #define HAVE_STDINT_H 1
| #define HAVE_STRINGS_H 1
| #define HAVE_SYS_STAT_H 1
| #define HAVE_SYS_TYPES_H 1
| #define HAVE_UNISTD_H 1
| #define STDC_HEADERS 1
| #define HAVE_DLFCN_H 1
| #define LT_OBJDIR ".libs/"
| #define HAVE_FDATASYNC 1
| #define HAVE_USLEEP 1
| #define HAVE_LOCALTIME_R 1
| #define HAVE_GMTIME_R 1
| #define HAVE_DECL_STRERROR_R 1
| #define HAVE_STRERROR_R 1
| /* end confdefs.h.  */
| #include <string.h>
| int
| main (void)
| {
| 
| 	  char buf[100];
| 	  char x = *strerror_r (0, buf, sizeof buf);
| 	  char *p = strerror_r (0, buf, sizeof buf);
| 	  return !p || x;
| 
|   ;
|   return 0;
| }
configure:10512: result: no
configure:10560: checking for editline/readline.h
configure:10560: gcc -c -fPIC -O2 -fvisibility=hidden  conftest.c >&5
conftest.c:57:10: fatal error: editline/readline.h: No such file or directory
   57 | #include <editline/readline.h>
      |          ^~~~~~~~~~~~~~~~~~~~~
compilation terminated.
configure:10560: $? = 1
configure: failed program was:
| /* confdefs.h */
| #define PACKAGE_NAME "sqlite"
| #define PACKAGE_TARNAME "sqlite"
| #define PACKAGE_VERSION "3.42.0"
| #define PACKAGE_STRING "sqlite 3.42.0"
| #define PACKAGE_BUGREPORT "http://www.sqlite.org"
| #define PACKAGE_URL ""
| #define PACKAGE "sqlite"
| #define VERSION "3.42.0"
| #define HAVE_STDIO_H 1
| #define HAVE_STDLIB_H 1
| #define HAVE_STRING_H 1
| #define HAVE_INTTYPES_H 1
| #define HAVE_STDINT_H 1
| #define HAVE_STRINGS_H 1
| #define HAVE_SYS_STAT_H 1
| #define HAVE_SYS_TYPES_H 1
| #define HAVE_UNISTD_H 1
| #define STDC_HEADERS 1
| #define HAVE_DLFCN_H 1
| #define LT_OBJDIR ".libs/"
| #define HAVE_FDATASYNC 1
| #define HAVE_USLEEP 1
| #define HAVE_LOCALTIME_R 1
| #define HAVE_GMTIME_R 1
| #define HAVE_DECL_STRERROR_R 1
| #define HAVE_STRERROR_R 1
| /* end confdefs.h.  */
| #include <stddef.h>
| #ifdef HAVE_STDIO_H
| # include <stdio.h>
| #endif
| #ifdef HAVE_STDLIB_H
| # include <stdlib.h>
| #endif
| #ifdef HAVE_STRING_H
| # include <string.h>
| #endif
| #ifdef HAVE_INTTYPES_H
| # include <inttypes.h>
| #endif
| #ifdef HAVE_STDINT_H
| # include <stdint.h>
| #endif
| #ifdef HAVE_STRINGS_H
| # include <strings.h>
| #endif
| #ifdef HAVE_SYS_TYPES_H
| # include <sys/types.h>
| #endif
| #ifdef HAVE_SYS_STAT_H
| # include <sys/stat.h>
| #endif
| #ifdef HAVE_UNISTD_H
| # include <unistd.h>
| #endif
| #include <editline/readline.h>
configure:10560: result: no
configure:10646: checking for readline/readline.h
configure:10646: gcc -c -fPIC -O2 -fvisibility=hidden  conftest.c >&5
configure:10646: $? = 0
configure:10646: result: yes
configure:10653: checking for library containing tgetent
configure:10683: gcc -o conftest -fPIC -O2 -fvisibility=hidden   conftest.c  >&5
/usr/bin/ld: /tmp/ccU6frGA.o: in function `main':
conftest.c:(.text.startup+0xb): undefined reference to `tgetent'
collect2: error: ld returned 1 exit status
configure:10683: $? = 1
configure: failed program was:
| /* confdefs.h */
| #define PACKAGE_NAME "sqlite"
| #define PACKAGE_TARNAME "sqlite"
| #define PACKAGE_VERSION "3.42.0"
| #define PACKAGE_STRING "sqlite 3.42.0"
| #define PACKAGE_BUGREPORT "http://www.sqlite.org"
| #define PACKAGE_URL ""
| #define PACKAGE "sqlite"
| #define VERSION "3.42.0"
| #define HAVE_STDIO_H 1
| #define HAVE_STDLIB_H 1
| #define HAVE_STRING_H 1
| #define HAVE_INTTYPES_H 1
| #define HAVE_STDINT_H 1
| #define HAVE_STRINGS_H 1
| #define HAVE_SYS_STAT_H 1
| #define HAVE_SYS_TYPES_H 1
| #define HAVE_UNISTD_H 1
| #define STDC_HEADERS 1
| #define HAVE_DLFCN_H 1
| #define LT_OBJDIR ".libs/"
| #define HAVE_FDATASYNC 1
| #define HAVE_USLEEP 1
| #define HAVE_LOCALTIME_R 1
| #define HAVE_GMTIME_R 1
| #define HAVE_DECL_STRERROR_R 1
| #define HAVE_STRERROR_R 1
| #define HAVE_READLINE_READLINE_H 1
| /* end confdefs.h.  */
| 
| /* Override any GCC internal prototype to avoid an error.
|    Use char because int might match the return type of a GCC
|    builtin and then its argument prototype would still apply.  */
| char tgetent ();
| int
| main (void)
| {
| return tgetent ();
|   ;
|   return 0;
| }
configure:10683: gcc -o conftest -fPIC -O2 -fvisibility=hidden   conftest.c -ltermcap   >&5
configure:10683: $? = 0
configure:10703: result: -ltermcap
configure:10712: checking for library containing readline
configure:10742: gcc -o conftest -fPIC -O2 -fvisibility=hidden   conftest.c -ltermcap  >&5
/usr/bin/ld: /tmp/ccKbsA9p.o: in function `main':
conftest.c:(.text.startup+0xb): undefined reference to `readline'
collect2: error: ld returned 1 exit status
configure:10742: $? = 1
configure: failed program was:
| /* confdefs.h */
| #define PACKAGE_NAME "sqlite"
| #define PACKAGE_TARNAME "sqlite"
| #define PACKAGE_VERSION "3.42.0"
| #define PACKAGE_STRING "sqlite 3.42.0"
| #define PACKAGE_BUGREPORT "http://www.sqlite.org"
| #define PACKAGE_URL ""
| #define PACKAGE "sqlite"
| #define VERSION "3.42.0"
| #define HAVE_STDIO_H 1
| #define HAVE_STDLIB_H 1
| #define HAVE_STRING_H 1
| #define HAVE_INTTYPES_H 1
| #define HAVE_STDINT_H 1
| #define HAVE_STRINGS_H 1
| #define HAVE_SYS_STAT_H 1
| #define HAVE_SYS_TYPES_H 1
| #define HAVE_UNISTD_H 1
| #define STDC_HEADERS 1
| #define HAVE_DLFCN_H 1
| #define LT_OBJDIR ".libs/"
| #define HAVE_FDATASYNC 1
| #define HAVE_USLEEP 1
| #define HAVE_LOCALTIME_R 1
| #define HAVE_GMTIME_R 1
| #define HAVE_DECL_STRERROR_R 1
| #define HAVE_STRERROR_R 1
| #define HAVE_READLINE_READLINE_H 1
| /* end confdefs.h.  */
| 
| /* Override any GCC internal prototype to avoid an error.
|    Use char because int might match the return type of a GCC
|    builtin and then its argument prototype would still apply.  */
| char readline ();
| int
| main (void)
| {
| return readline ();
|   ;
|   return 0;
| }
configure:10742: gcc -o conftest -fPIC -O2 -fvisibility=hidden   conftest.c -lreadline  -ltermcap  >&5
configure:10742: $? = 0
configure:10762: result: -lreadline
configure:10802: checking for library containing pthread_create
configure:10832: gcc -o conftest -fPIC -O2 -fvisibility=hidden   conftest.c  >&5
/usr/bin/ld: /tmp/ccmDSbhf.o: in function `main':
conftest.c:(.text.startup+0xb): undefined reference to `pthread_create'
collect2: error: ld returned 1 exit status
configure:10832: $? = 1
configure: failed program was:
| /* confdefs.h */
| #define PACKAGE_NAME "sqlite"
| #define PACKAGE_TARNAME "sqlite"
| #define PACKAGE_VERSION "3.42.0"
| #define PACKAGE_STRING "sqlite 3.42.0"
| #define PACKAGE_BUGREPORT "http://www.sqlite.org"
| #define PACKAGE_URL ""
| #define PACKAGE "sqlite"
| #define VERSION "3.42.0"
| #define HAVE_STDIO_H 1
| #define HAVE_STDLIB_H 1
| #define HAVE_STRING_H 1
| #define HAVE_INTTYPES_H 1
| #define HAVE_STDINT_H 1
| #define HAVE_STRINGS_H 1
| #define HAVE_SYS_STAT_H 1
| #define HAVE_SYS_TYPES_H 1
| #define HAVE_UNISTD_H 1
| #define STDC_HEADERS 1
| #define HAVE_DLFCN_H 1
| #define LT_OBJDIR ".libs/"
| #define HAVE_FDATASYNC 1
| #define HAVE_USLEEP 1
| #define HAVE_LOCALTIME_R 1
| #define HAVE_GMTIME_R 1
| #define HAVE_DECL_STRERROR_R 1
| #define HAVE_STRERROR_R 1
| #define HAVE_READLINE_READLINE_H 1
| #define HAVE_READLINE 1
| /* end confdefs.h.  */
| 
| /* Override any GCC internal prototype to avoid an error.
|    Use char because int might match the return type of a GCC
|    builtin and then its argument prototype would still apply.  */
| char pthread_create ();
| int
| main (void)
| {
| return pthread_create ();
|   ;
|   return 0;
| }
configure:10832: gcc -o conftest -fPIC -O2 -fvisibility=hidden   conftest.c -lpthread   >&5
configure:10832: $? = 0
configure:10852: result: -lpthread
configure:10861: checking for library containing pthread_mutexattr_init
configure:10891: gcc -o conftest -fPIC -O2 -fvisibility=hidden   conftest.c -lpthread  >&5
configure:10891: $? = 0
configure:10911: result: none required
configure:10935: checking for library containing dlopen
configure:10965: gcc -o conftest -fPIC -O2 -fvisibility=hidden   conftest.c -lpthread  >&5
/usr/bin/ld: /tmp/ccMkO0iR.o: in function `main':
conftest.c:(.text.startup+0xb): undefined reference to `dlopen'
collect2: error: ld returned 1 exit status
configure:10965: $? = 1
configure: failed program was:
| /* confdefs.h */
| #define PACKAGE_NAME "sqlite"
| #define PACKAGE_TARNAME "sqlite"
| #define PACKAGE_VERSION "3.42.0"
| #define PACKAGE_STRING "sqlite 3.42.0"
| #define PACKAGE_BUGREPORT "http://www.sqlite.org"
| #define PACKAGE_URL ""
| #define PACKAGE "sqlite"
| #define VERSION "3.42.0"
| #define HAVE_STDIO_H 1
| #define HAVE_STDLIB_H 1
| #define HAVE_STRING_H 1
| #define HAVE_INTTYPES_H 1
| #define HAVE_STDINT_H 1
| #define HAVE_STRINGS_H 1
| #define HAVE_SYS_STAT_H 1
| #define HAVE_SYS_TYPES_H 1
| #define HAVE_UNISTD_H 1
| #define STDC_HEADERS 1
| #define HAVE_DLFCN_H 1
| #define LT_OBJDIR ".libs/"
| #define HAVE_FDATASYNC 1
| #define HAVE_USLEEP 1
| #define HAVE_LOCALTIME_R 1
| #define HAVE_GMTIME_R 1
| #define HAVE_DECL_STRERROR_R 1
| #define HAVE_STRERROR_R 1
| #define HAVE_READLINE_READLINE_H 1
| #define HAVE_READLINE 1
| /* end confdefs.h.  */
| 
| /* Override any GCC internal prototype to avoid an error.
|    Use char because int might match the return type of a GCC
|    builtin and then its argument prototype would still apply.  */
| char dlopen ();
| int
| main (void)
| {
| return dlopen ();
|   ;
|   return 0;
| }
configure:10965: gcc -o conftest -fPIC -O2 -fvisibility=hidden   conftest.c -ldl  -lpthread  >&5
configure:10965: $? = 0
configure:10985: result: -ldl
configure:10997: checking for whether to support dynamic extensions
configure:10999: result: yes
configure:11014: checking SQL math functions
configure:11018: result: enabled
configure:11020: checking for library containing ceil
configure:11050: gcc -o conftest -fPIC -O2 -fvisibility=hidden   conftest.c -ldl -lpthread  >&5
conftest.c:35:6: warning: conflicting types for built-in function 'ceil'; expected 'double(double)' [-Wbuiltin-declaration-mismatch]
   35 | char ceil ();
      |      ^~~~
conftest.c:1:1: note: 'ceil' is declared in header '<math.h>'
    1 | /* confdefs.h */
/usr/bin/ld: /tmp/ccWH8QbG.o: in function `main':
conftest.c:(.text.startup+0xb): undefined reference to `ceil'
collect2: error: ld returned 1 exit status
configure:11050: $? = 1
configure: failed program was:
| /* confdefs.h */
| #define PACKAGE_NAME "sqlite"
| #define PACKAGE_TARNAME "sqlite"
| #define PACKAGE_VERSION "3.42.0"
| #define PACKAGE_STRING "sqlite 3.42.0"
| #define PACKAGE_BUGREPORT "http://www.sqlite.org"
| #define PACKAGE_URL ""
| #define PACKAGE "sqlite"
| #define VERSION "3.42.0"
| #define HAVE_STDIO_H 1
| #define HAVE_STDLIB_H 1
| #define HAVE_STRING_H 1
| #define HAVE_INTTYPES_H 1
| #define HAVE_STDINT_H 1
| #define HAVE_STRINGS_H 1
| #define HAVE_SYS_STAT_H 1
| #define HAVE_SYS_TYPES_H 1
| #define HAVE_UNISTD_H 1
| #define STDC_HEADERS 1
| #define HAVE_DLFCN_H 1
| #define LT_OBJDIR ".libs/"
| #define HAVE_FDATASYNC 1
| #define HAVE_USLEEP 1
| #define HAVE_LOCALTIME_R 1
| #define HAVE_GMTIME_R 1
| #define HAVE_DECL_STRERROR_R 1
| #define HAVE_STRERROR_R 1
| #define HAVE_READLINE_READLINE_H 1
| #define HAVE_READLINE 1
| /* end confdefs.h.  */
| 
| /* Override any GCC internal prototype to avoid an error.
|    Use char because int might match the return type of a GCC
|    builtin and then its argument prototype would still apply.  */
| char ceil ();
| int
| main (void)
| {
| return ceil ();
|   ;
|   return 0;
| }
configure:11050: gcc -o conftest -fPIC -O2 -fvisibility=hidden   conftest.c -lm  -ldl -lpthread  >&5
conftest.c:35:6: warning: conflicting types for built-in function 'ceil'; expected 'double(double)' [-Wbuiltin-declaration-mismatch]
   35 | char ceil ();
      |      ^~~~
conftest.c:1:1: note: 'ceil' is declared in header '<math.h>'
    1 | /* confdefs.h */
configure:11050: $? = 0
configure:11070: result: -lm
configure:11096: checking FTS4 extension
configure:11100: result: enabled
configure:11117: checking FTS3 extension
configure:11124: result: disabled
configure:11140: checking FTS5 extension
configure:11143: result: enabled
configure:11145: checking for library containing log
configure:11175: gcc -o conftest -fPIC -O2 -fvisibility=hidden   conftest.c -lm -ldl -lpthread  >&5
conftest.c:35:6: warning: conflicting types for built-in function 'log'; expected 'double(double)' [-Wbuiltin-declaration-mismatch]
   35 | char log ();
      |      ^~~
conftest.c:1:1: note: 'log' is declared in header '<math.h>'
    1 | /* confdefs.h */
configure:11175: $? = 0
configure:11195: result: none required
configure:11222: checking RTREE extension
configure:11226: result: enabled
configure:11243: checking Session extension
configure:11250: result: disabled
configure:11264: checking Build type
configure:11272: result: release
configure:11296: checking for posix_fallocate
configure:11296: gcc -o conftest -fPIC -O2 -fvisibility=hidden   conftest.c -lm -ldl -lpthread  >&5
configure:11296: $? = 0
configure:11296: result: yes
configure:11305: checking for zlib.h
configure:11305: gcc -c -fPIC -O2 -fvisibility=hidden  conftest.c >&5
configure:11305: $? = 0
configure:11305: result: yes
configure:11310: checking for library containing deflate
configure:11340: gcc -o conftest -fPIC -O2 -fvisibility=hidden   conftest.c -lm -ldl -lpthread  >&5
/usr/bin/ld: /tmp/ccfglM41.o: in function `main':
conftest.c:(.text.startup+0xb): undefined reference to `deflate'
collect2: error: ld returned 1 exit status
configure:11340: $? = 1
configure: failed program was:
| /* confdefs.h */
| #define PACKAGE_NAME "sqlite"
| #define PACKAGE_TARNAME "sqlite"
| #define PACKAGE_VERSION "3.42.0"
| #define PACKAGE_STRING "sqlite 3.42.0"
| #define PACKAGE_BUGREPORT "http://www.sqlite.org"
| #define PACKAGE_URL ""
| #define PACKAGE "sqlite"
| #define VERSION "3.42.0"
| #define HAVE_STDIO_H 1
| #define HAVE_STDLIB_H 1
| #define HAVE_STRING_H 1
| #define HAVE_INTTYPES_H 1
| #define HAVE_STDINT_H 1
| #define HAVE_STRINGS_H 1
| #define HAVE_SYS_STAT_H 1
| #define HAVE_SYS_TYPES_H 1
| #define HAVE_UNISTD_H 1
| #define STDC_HEADERS 1
| #define HAVE_DLFCN_H 1
| #define LT_OBJDIR ".libs/"
| #define HAVE_FDATASYNC 1
| #define HAVE_USLEEP 1
| #define HAVE_LOCALTIME_R 1
| #define HAVE_GMTIME_R 1
| #define HAVE_DECL_STRERROR_R 1
| #define HAVE_STRERROR_R 1
| #define HAVE_READLINE_READLINE_H 1
| #define HAVE_READLINE 1
| #define HAVE_POSIX_FALLOCATE 1
| #define HAVE_ZLIB_H 1
| /* end confdefs.h.  */
| 
| /* Override any GCC internal prototype to avoid an error.
|    Use char because int might match the return type of a GCC
|    builtin and then its argument prototype would still apply.  */
| char deflate ();
| int
| main (void)
| {
| return deflate ();
|   ;
|   return 0;
| }
configure:11340: gcc -o conftest -fPIC -O2 -fvisibility=hidden   conftest.c -lz  -lm -ldl -lpthread  >&5
configure:11340: $? = 0
configure:11360: result: -lz
configure:11374: checking for library containing system
configure:11404: gcc -o conftest -fPIC -O2 -fvisibility=hidden   conftest.c -lz -lm -ldl -lpthread  >&5
configure:11404: $? = 0
configure:11424: result: none required
configure:11599: checking that generated files are newer than configure
configure:11605: result: done
configure:11632: creating ./config.status

## ---------------------- ##
## Running config.status. ##
## ---------------------- ##

This file was extended by sqlite config.status 3.42.0, which was
generated by GNU Autoconf 2.71.  Invocation command line was

  CONFIG_FILES    = 
  CONFIG_HEADERS  = 
  CONFIG_LINKS    = 
  CONFIG_COMMANDS = 
  $ ./config.status 

on vagrant

config.status:1011: creating Makefile
config.status:1011: creating sqlite3.pc
config.status:1183: executing depfiles commands
config.status:1260: cd .       && sed -e '/# am--include-marker/d' Makefile         | make -f - am--depfiles
config.status:1265: $? = 0
config.status:1183: executing libtool commands

## ---------------- ##
## Cache variables. ##
## ---------------- ##

ac_cv_build=x86_64-pc-linux-gnu
ac_cv_c_compiler_gnu=yes
ac_cv_c_undeclared_builtin_options='none needed'
ac_cv_env_CC_set=set
ac_cv_env_CC_value=gcc
ac_cv_env_CFLAGS_set=set
ac_cv_env_CFLAGS_value='-fPIC -O2 -fvisibility=hidden'
ac_cv_env_CPPFLAGS_set=
ac_cv_env_CPPFLAGS_value=
ac_cv_env_LDFLAGS_set=
ac_cv_env_LDFLAGS_value=
ac_cv_env_LIBS_set=
ac_cv_env_LIBS_value=
ac_cv_env_LT_SYS_LIBRARY_PATH_set=
ac_cv_env_LT_SYS_LIBRARY_PATH_value=
ac_cv_env_build_alias_set=
ac_cv_env_build_alias_value=
ac_cv_env_host_alias_set=set
ac_cv_env_host_alias_value=x86_64-linux-gnu
ac_cv_env_target_alias_set=
ac_cv_env_target_alias_value=
ac_cv_func_fdatasync=yes
ac_cv_func_fullfsync=no
ac_cv_func_gmtime_r=yes
ac_cv_func_localtime_r=yes
ac_cv_func_posix_fallocate=yes
ac_cv_func_strerror_r_char_p=no
ac_cv_func_usleep=yes
ac_cv_have_decl_strerror_r=yes
ac_cv_header_dlfcn_h=yes
ac_cv_header_editline_readline_h=no
ac_cv_header_inttypes_h=yes
ac_cv_header_readline_readline_h=yes
ac_cv_header_stdint_h=yes
ac_cv_header_stdio_h=yes
ac_cv_header_stdlib_h=yes
ac_cv_header_string_h=yes
ac_cv_header_strings_h=yes
ac_cv_header_sys_stat_h=yes
ac_cv_header_sys_types_h=yes
ac_cv_header_unistd_h=yes
ac_cv_header_zlib_h=yes
ac_cv_host=x86_64-pc-linux-gnu
ac_cv_objext=o
ac_cv_path_EGREP='/usr/bin/grep -E'
ac_cv_path_FGREP='/usr/bin/grep -F'
ac_cv_path_GREP=/usr/bin/grep
ac_cv_path_SED=/usr/bin/sed
ac_cv_path_install='/usr/bin/install -c'
ac_cv_path_lt_DD=/usr/bin/dd
ac_cv_path_mkdir=/usr/bin/mkdir
ac_cv_prog_AR=x86_64-linux-gnu-ar
ac_cv_prog_AWK=gawk
ac_cv_prog_CC=gcc
ac_cv_prog_OBJDUMP=x86_64-linux-gnu-objdump
ac_cv_prog_RANLIB=x86_64-linux-gnu-ranlib
ac_cv_prog_STRIP=x86_64-linux-gnu-strip
ac_cv_prog_ac_ct_MANIFEST_TOOL=mt
ac_cv_prog_cc_c11=
ac_cv_prog_cc_g=yes
ac_cv_prog_cc_stdc=
ac_cv_prog_make_make_set=yes
ac_cv_search_ceil=-lm
ac_cv_search_deflate=-lz
ac_cv_search_dlopen=-ldl
ac_cv_search_log='none required'
ac_cv_search_pthread_create=-lpthread
ac_cv_search_pthread_mutexattr_init='none required'
ac_cv_search_readline=-lreadline
ac_cv_search_system='none required'
ac_cv_search_tgetent=-ltermcap
ac_cv_sys_file_offset_bits=no
ac_cv_sys_largefile_CC=no
am_cv_CC_dependencies_compiler_type=gcc3
am_cv_make_support_nested_variables=yes
am_cv_prog_cc_c_o=yes
lt_cv_ar_at_file=@
lt_cv_deplibs_check_method=pass_all
lt_cv_file_magic_cmd='$MAGIC_CMD'
lt_cv_file_magic_test_file=
lt_cv_ld_reload_flag=-r
lt_cv_nm_interface='BSD nm'
lt_cv_objdir=.libs
lt_cv_path_LD=/usr/bin/ld
lt_cv_path_NM='/usr/bin/x86_64-linux-gnu-nm -B'
lt_cv_path_mainfest_tool=no
lt_cv_prog_compiler_c_o=yes
lt_cv_prog_compiler_pic='-fPIC -DPIC'
lt_cv_prog_compiler_pic_works=yes
lt_cv_prog_compiler_rtti_exceptions=no
lt_cv_prog_compiler_static_works=yes
lt_cv_prog_gnu_ld=yes
lt_cv_sharedlib_from_linklib_cmd='printf %s\n'
lt_cv_shlibpath_overrides_runpath=yes
lt_cv_sys_global_symbol_pipe='sed -n -e '\''s/^.*[	 ]\([ABCDGIRSTW][ABCDGIRSTW]*\)[	 ][	 ]*\([_A-Za-z][_A-Za-z0-9]*\)$/\1 \2 \2/p'\'' | sed '\''/ __gnu_lto/d'\'''
lt_cv_sys_global_symbol_to_c_name_address='sed -n -e '\''s/^: \(.*\) .*$/  {"\1", (void *) 0},/p'\'' -e '\''s/^[ABCDGIRSTW][ABCDGIRSTW]* .* \(.*\)$/  {"\1", (void *) \&\1},/p'\'''
lt_cv_sys_global_symbol_to_c_name_address_lib_prefix='sed -n -e '\''s/^: \(.*\) .*$/  {"\1", (void *) 0},/p'\'' -e '\''s/^[ABCDGIRSTW][ABCDGIRSTW]* .* \(lib.*\)$/  {"\1", (void *) \&\1},/p'\'' -e '\''s/^[ABCDGIRSTW][ABCDGIRSTW]* .* \(.*\)$/  {"lib\1", (void *) \&\1},/p'\'''
lt_cv_sys_global_symbol_to_cdecl='sed -n -e '\''s/^T .* \(.*\)$/extern int \1();/p'\'' -e '\''s/^[ABCDGIRSTW][ABCDGIRSTW]* .* \(.*\)$/extern char \1;/p'\'''
lt_cv_sys_global_symbol_to_import=
lt_cv_sys_max_cmd_len=1572864
lt_cv_to_host_file_cmd=func_convert_file_noop
lt_cv_to_tool_file_cmd=func_convert_file_noop
lt_cv_truncate_bin='/usr/bin/dd bs=4096 count=1'

## ----------------- ##
## Output variables. ##
## ----------------- ##

ACLOCAL='${SHELL} '\''/home/vagrant/everydayrails-rspec-jp-2022/vendor/bundle/ruby/3.1.0/gems/sqlite3-1.6.3/ext/sqlite3/tmp/x86_64-linux-gnu/ports/sqlite3/3.42.0/sqlite-autoconf-3420000/missing'\'' aclocal-1.16'
AMDEPBACKSLASH='\'
AMDEP_FALSE='#'
AMDEP_TRUE=''
AMTAR='$${TAR-tar}'
AM_BACKSLASH='\'
AM_DEFAULT_V='$(AM_DEFAULT_VERBOSITY)'
AM_DEFAULT_VERBOSITY='1'
AM_V='$(V)'
AR='x86_64-linux-gnu-ar'
AUTOCONF='${SHELL} '\''/home/vagrant/everydayrails-rspec-jp-2022/vendor/bundle/ruby/3.1.0/gems/sqlite3-1.6.3/ext/sqlite3/tmp/x86_64-linux-gnu/ports/sqlite3/3.42.0/sqlite-autoconf-3420000/missing'\'' autoconf'
AUTOHEADER='${SHELL} '\''/home/vagrant/everydayrails-rspec-jp-2022/vendor/bundle/ruby/3.1.0/gems/sqlite3-1.6.3/ext/sqlite3/tmp/x86_64-linux-gnu/ports/sqlite3/3.42.0/sqlite-autoconf-3420000/missing'\'' autoheader'
AUTOMAKE='${SHELL} '\''/home/vagrant/everydayrails-rspec-jp-2022/vendor/bundle/ruby/3.1.0/gems/sqlite3-1.6.3/ext/sqlite3/tmp/x86_64-linux-gnu/ports/sqlite3/3.42.0/sqlite-autoconf-3420000/missing'\'' automake-1.16'
AWK='gawk'
BUILD_CFLAGS=' -D_REENTRANT=1 -DSQLITE_THREADSAFE=1 -DSQLITE_ENABLE_MATH_FUNCTIONS -DSQLITE_ENABLE_FTS4 -DSQLITE_ENABLE_FTS5 -DSQLITE_ENABLE_RTREE -DSQLITE_ENABLE_GEOPOLY -DSQLITE_HAVE_ZLIB'
CC='gcc'
CCDEPMODE='depmode=gcc3'
CFLAGS='-fPIC -O2 -fvisibility=hidden'
CPPFLAGS=''
CSCOPE='cscope'
CTAGS='ctags'
CYGPATH_W='echo'
DEFS='-DPACKAGE_NAME=\"sqlite\" -DPACKAGE_TARNAME=\"sqlite\" -DPACKAGE_VERSION=\"3.42.0\" -DPACKAGE_STRING=\"sqlite\ 3.42.0\" -DPACKAGE_BUGREPORT=\"http://www.sqlite.org\" -DPACKAGE_URL=\"\" -DPACKAGE=\"sqlite\" -DVERSION=\"3.42.0\" -DHAVE_STDIO_H=1 -DHAVE_STDLIB_H=1 -DHAVE_STRING_H=1 -DHAVE_INTTYPES_H=1 -DHAVE_STDINT_H=1 -DHAVE_STRINGS_H=1 -DHAVE_SYS_STAT_H=1 -DHAVE_SYS_TYPES_H=1 -DHAVE_UNISTD_H=1 -DSTDC_HEADERS=1 -DHAVE_DLFCN_H=1 -DLT_OBJDIR=\".libs/\" -DHAVE_FDATASYNC=1 -DHAVE_USLEEP=1 -DHAVE_LOCALTIME_R=1 -DHAVE_GMTIME_R=1 -DHAVE_DECL_STRERROR_R=1 -DHAVE_STRERROR_R=1 -DHAVE_READLINE_READLINE_H=1 -DHAVE_READLINE=1 -DHAVE_POSIX_FALLOCATE=1 -DHAVE_ZLIB_H=1'
DEPDIR='.deps'
DLLTOOL='false'
DSYMUTIL=''
DUMPBIN=''
ECHO_C=''
ECHO_N='-n'
ECHO_T=''
EGREP='/usr/bin/grep -E'
ETAGS='etags'
EXEEXT=''
EXTRA_SHELL_OBJ='sqlite3-sqlite3.o'
FGREP='/usr/bin/grep -F'
GREP='/usr/bin/grep'
INSTALL_DATA='${INSTALL} -m 644'
INSTALL_PROGRAM='${INSTALL}'
INSTALL_SCRIPT='${INSTALL}'
INSTALL_STRIP_PROGRAM='$(install_sh) -c -s'
LD='/usr/bin/ld -m elf_x86_64'
LDFLAGS=''
LIBOBJS=''
LIBS='-lz -lm -ldl -lpthread '
LIBTOOL='$(SHELL) $(top_builddir)/libtool'
LIPO=''
LN_S='ln -s'
LTLIBOBJS=''
LT_SYS_LIBRARY_PATH=''
MAKEINFO='${SHELL} '\''/home/vagrant/everydayrails-rspec-jp-2022/vendor/bundle/ruby/3.1.0/gems/sqlite3-1.6.3/ext/sqlite3/tmp/x86_64-linux-gnu/ports/sqlite3/3.42.0/sqlite-autoconf-3420000/missing'\'' makeinfo'
MANIFEST_TOOL=':'
MKDIR_P='/usr/bin/mkdir -p'
NM='/usr/bin/x86_64-linux-gnu-nm -B'
NMEDIT=''
OBJDUMP='x86_64-linux-gnu-objdump'
OBJEXT='o'
OTOOL64=''
OTOOL=''
PACKAGE='sqlite'
PACKAGE_BUGREPORT='http://www.sqlite.org'
PACKAGE_NAME='sqlite'
PACKAGE_STRING='sqlite 3.42.0'
PACKAGE_TARNAME='sqlite'
PACKAGE_URL=''
PACKAGE_VERSION='3.42.0'
PATH_SEPARATOR=':'
RANLIB='x86_64-linux-gnu-ranlib'
READLINE_LIBS='-lreadline -ltermcap '
SED='/usr/bin/sed'
SET_MAKE=''
SHELL='/bin/bash'
SHELL_CFLAGS=''
STRIP='x86_64-linux-gnu-strip'
VERSION='3.42.0'
ac_ct_AR=''
ac_ct_CC=''
ac_ct_DUMPBIN=''
am__EXEEXT_FALSE=''
am__EXEEXT_TRUE='#'
am__fastdepCC_FALSE='#'
am__fastdepCC_TRUE=''
am__include='include'
am__isrc=''
am__leading_dot='.'
am__nodep='_no'
am__quote=''
am__tar='$${TAR-tar} chof - "$$tardir"'
am__untar='$${TAR-tar} xf -'
bindir='${exec_prefix}/bin'
build='x86_64-pc-linux-gnu'
build_alias=''
build_cpu='x86_64'
build_os='linux-gnu'
build_vendor='pc'
datadir='${datarootdir}'
datarootdir='${prefix}/share'
docdir='${datarootdir}/doc/${PACKAGE_TARNAME}'
dvidir='${docdir}'
exec_prefix='${prefix}'
host='x86_64-pc-linux-gnu'
host_alias='x86_64-linux-gnu'
host_cpu='x86_64'
host_os='linux-gnu'
host_vendor='pc'
htmldir='${docdir}'
includedir='${prefix}/include'
infodir='${datarootdir}/info'
install_sh='${SHELL} /home/vagrant/everydayrails-rspec-jp-2022/vendor/bundle/ruby/3.1.0/gems/sqlite3-1.6.3/ext/sqlite3/tmp/x86_64-linux-gnu/ports/sqlite3/3.42.0/sqlite-autoconf-3420000/install-sh'
libdir='${exec_prefix}/lib'
libexecdir='${exec_prefix}/libexec'
localedir='${datarootdir}/locale'
localstatedir='${prefix}/var'
mandir='${datarootdir}/man'
mkdir_p='$(MKDIR_P)'
oldincludedir='/usr/include'
pdfdir='${docdir}'
prefix='/home/vagrant/everydayrails-rspec-jp-2022/vendor/bundle/ruby/3.1.0/gems/sqlite3-1.6.3/ports/x86_64-linux-gnu/sqlite3/3.42.0'
program_transform_name='s,x,x,'
psdir='${docdir}'
runstatedir='${localstatedir}/run'
sbindir='${exec_prefix}/sbin'
sharedstatedir='${prefix}/com'
sysconfdir='${prefix}/etc'
target_alias=''

## ----------- ##
## confdefs.h. ##
## ----------- ##

/* confdefs.h */
#define PACKAGE_NAME "sqlite"
#define PACKAGE_TARNAME "sqlite"
#define PACKAGE_VERSION "3.42.0"
#define PACKAGE_STRING "sqlite 3.42.0"
#define PACKAGE_BUGREPORT "http://www.sqlite.org"
#define PACKAGE_URL ""
#define PACKAGE "sqlite"
#define VERSION "3.42.0"
#define HAVE_STDIO_H 1
#define HAVE_STDLIB_H 1
#define HAVE_STRING_H 1
#define HAVE_INTTYPES_H 1
#define HAVE_STDINT_H 1
#define HAVE_STRINGS_H 1
#define HAVE_SYS_STAT_H 1
#define HAVE_SYS_TYPES_H 1
#define HAVE_UNISTD_H 1
#define STDC_HEADERS 1
#define HAVE_DLFCN_H 1
#define LT_OBJDIR ".libs/"
#define HAVE_FDATASYNC 1
#define HAVE_USLEEP 1
#define HAVE_LOCALTIME_R 1
#define HAVE_GMTIME_R 1
#define HAVE_DECL_STRERROR_R 1
#define HAVE_STRERROR_R 1
#define HAVE_READLINE_READLINE_H 1
#define HAVE_READLINE 1
#define HAVE_POSIX_FALLOCATE 1
#define HAVE_ZLIB_H 1

configure: exit 0
